2024-05-30 20:47:11,932 ERROR [1] - System.InvalidOperationException: The installation failed, and the rollback has been performed. ---> System.ComponentModel.Win32Exception: The specified service already exists
   at System.ServiceProcess.ServiceInstaller.Install(IDictionary stateSaver)
   at System.Configuration.Install.Installer.Install(IDictionary stateSaver)
   at System.Configuration.Install.Installer.Install(IDictionary stateSaver)
   at System.Configuration.Install.AssemblyInstaller.Install(IDictionary savedState)
   at System.Configuration.Install.Installer.Install(IDictionary stateSaver)
   at System.Configuration.Install.TransactedInstaller.Install(IDictionary savedState)
   --- End of inner exception stack trace ---
   at System.Configuration.Install.ManagedInstallerClass.InstallHelper(String[] args)
   at Telligent.SocketMessageBus.Service.Program.Main(String[] args)
2024-06-13 12:55:14,549 ERROR [4] - System.Configuration.ConfigurationErrorsException: The type 'Microsoft.VisualStudio.Diagnostics.ServiceModelSink.Behavior, Microsoft.VisualStudio.Diagnostics.ServiceModelSink, Version=4.0.0.0, Culture=neutral, PublicKeyToken=b03f5f7f11d50a3a' registered for extension 'Microsoft.VisualStudio.Diagnostics.ServiceModelSink.Behavior' could not be loaded. (C:\Windows\Microsoft.NET\Framework64\v4.0.30319\Config\machine.config line 238)
   at System.Configuration.BaseConfigurationRecord.EvaluateOne(String[] keys, SectionInput input, Boolean isTrusted, FactoryRecord factoryRecord, SectionRecord sectionRecord, Object parentResult)
   at System.Configuration.BaseConfigurationRecord.Evaluate(FactoryRecord factoryRecord, SectionRecord sectionRecord, Object parentResult, Boolean getLkg, Boolean getRuntimeObject, Object& result, Object& resultRuntimeObject)
   at System.Configuration.BaseConfigurationRecord.GetSectionRecursive(String configKey, Boolean getLkg, Boolean checkPermission, Boolean getRuntimeObject, Boolean requestIsHere, Object& result, Object& resultRuntimeObject)
   at System.Configuration.BaseConfigurationRecord.GetSectionRecursive(String configKey, Boolean getLkg, Boolean checkPermission, Boolean getRuntimeObject, Boolean requestIsHere, Object& result, Object& resultRuntimeObject)
   at System.Configuration.BaseConfigurationRecord.GetSectionRecursive(String configKey, Boolean getLkg, Boolean checkPermission, Boolean getRuntimeObject, Boolean requestIsHere, Object& result, Object& resultRuntimeObject)
   at System.Configuration.BaseConfigurationRecord.GetSectionRecursive(String configKey, Boolean getLkg, Boolean checkPermission, Boolean getRuntimeObject, Boolean requestIsHere, Object& result, Object& resultRuntimeObject)
   at System.Configuration.BaseConfigurationRecord.GetSection(String configKey)
   at System.Configuration.ConfigurationManager.GetSection(String sectionName)
   at System.ServiceModel.Activation.AspNetEnvironment.UnsafeGetSectionFromConfigurationManager(String sectionPath)
   at System.ServiceModel.Configuration.ConfigurationHelpers.UnsafeGetAssociatedSection(ContextInformation evalContext, String sectionPath)
   at System.ServiceModel.Description.ConfigLoader.LookupCommonBehaviors(ContextInformation context)
   at System.ServiceModel.Description.ConfigLoader.LoadServiceDescription(ServiceHostBase host, ServiceDescription description, ServiceElement serviceElement, Action`1 addBaseAddress, Boolean skipHost)
   at System.ServiceModel.ServiceHostBase.LoadConfigurationSectionInternal(ConfigLoader configLoader, ServiceDescription description, ServiceElement serviceSection)
   at System.ServiceModel.ServiceHostBase.ApplyConfiguration()
   at System.ServiceModel.ServiceHostBase.InitializeDescription(UriSchemeKeyedCollection baseAddresses)
   at System.ServiceModel.ServiceHost..ctor(Type serviceType, Uri[] baseAddresses)
   at Telligent.SocketMessageBus.Service.Program.OnStart(String[] args)
