Using Solr root directory: C:\CommunityLocal\Search
Using Java: C:\VerintCommunity-13.0.0.29206\jdk11.0.9_11\bin\java
openjdk version "11.0.9" 2020-10-20 LTS
OpenJDK Runtime Environment Corretto-11.0.9.11.2 (build 11.0.9+11-LTS)
OpenJDK 64-Bit Server VM Corretto-11.0.9.11.2 (build 11.0.9+11-LTS, mixed mode)

Starting Solr using the following settings:
    JAVA              = C:\VerintCommunity-13.0.0.29206\jdk11.0.9_11\bin\java
    SOLR_SERVER_DIR   = C:\CommunityLocal\Search\server
    SOLR_HOME         = C:\CommunityLocal\Search\data\home
    SOLR_HOST         = 
    SOLR_PORT         = 8983
    STOP_PORT         = 7983
    SOLR_JAVA_MEM     = -Xms512m -Xmx512m
    GC_TUNE           = -XX:+UseG1GC     -XX:+PerfDisableSharedMem     -XX:+ParallelRefProcEnabled     -XX:MaxGCPauseMillis=250     -XX:+UseLargePages     -XX:+AlwaysPreTouch     -XX:+ExplicitGCInvokesConcurrent
    GC_LOG_OPTS       = "-Xlog:gc*:file=\"C:\CommunityLocal\Search\data\logs\solr_gc.log\":time,uptime:filecount=9,filesize=20M"
    SOLR_TIMEZONE     = UTC
    SOLR_OPTS (USER)   = -Dsolr.log.muteconsole=
    SOLR_OPTS (SCRIPT) = -Xss256k  -Dsolr.jetty.host=127.0.0.1

OpenJDK 64-Bit Server VM warning: JVM cannot use large page memory because it does not have enough privilege to lock pages in memory.
2024-09-15 03:36:05.416 INFO  (main) [c: s: r: x: t:] o.e.j.s.Server jetty-10.0.19; built: 2023-12-15T20:38:32.477Z; git: 8492d1c78f122bb30cce20aecfa07e7283facd47; jvm 11.0.9+11-LTS
2024-09-15 03:36:07.339 WARN  (main) [c: s: r: x: t:] o.e.j.u.DeprecationWarning Using @Deprecated Class org.eclipse.jetty.servlet.listener.ELContextCleaner
2024-09-15 03:36:07.464 INFO  (main) [c: s: r: x: t:] o.a.s.s.CoreContainerProvider Using logger factory org.apache.logging.slf4j.Log4jLoggerFactory
2024-09-15 03:36:07.495 INFO  (main) [c: s: r: x: t:] o.a.s.s.CoreContainerProvider  ___      _       Welcome to Apache Solr™ version 9.5.0
2024-09-15 03:36:07.495 INFO  (main) [c: s: r: x: t:] o.a.s.s.CoreContainerProvider / __| ___| |_ _   Starting in standalone mode on port 8983
2024-09-15 03:36:07.495 INFO  (main) [c: s: r: x: t:] o.a.s.s.CoreContainerProvider \__ \/ _ \ | '_|  Install dir: C:\CommunityLocal\Search
2024-09-15 03:36:07.495 INFO  (main) [c: s: r: x: t:] o.a.s.s.CoreContainerProvider |___/\___/_|_|    Start time: 2024-09-15T03:36:07.495825300Z
2024-09-15 03:36:07.495 INFO  (main) [c: s: r: x: t:] o.a.s.s.CoreContainerProvider Solr started with "-XX:+CrashOnOutOfMemoryError" that will crash on any OutOfMemoryError exception. The cause of the OOME will be logged in the crash file at the following path: C:\CommunityLocal\Search\data\logs\jvm_crash_14980.log
