2024-09-15 03:36:05.416 INFO  (main) [c: s: r: x: t:] o.e.j.s.Server jetty-10.0.19; built: 2023-12-15T20:38:32.477Z; git: 8492d1c78f122bb30cce20aecfa07e7283facd47; jvm 11.0.9+11-LTS
2024-09-15 03:36:07.339 WARN  (main) [c: s: r: x: t:] o.e.j.u.DeprecationWarning Using @Deprecated Class org.eclipse.jetty.servlet.listener.ELContextCleaner
2024-09-15 03:36:07.464 INFO  (main) [c: s: r: x: t:] o.a.s.s.CoreContainerProvider Using logger factory org.apache.logging.slf4j.Log4jLoggerFactory
2024-09-15 03:36:07.495 INFO  (main) [c: s: r: x: t:] o.a.s.s.CoreContainerProvider  ___      _       Welcome to Apache Solr™ version 9.5.0
2024-09-15 03:36:07.495 INFO  (main) [c: s: r: x: t:] o.a.s.s.CoreContainerProvider / __| ___| |_ _   Starting in standalone mode on port 8983
2024-09-15 03:36:07.495 INFO  (main) [c: s: r: x: t:] o.a.s.s.CoreContainerProvider \__ \/ _ \ | '_|  Install dir: C:\CommunityLocal\Search
2024-09-15 03:36:07.495 INFO  (main) [c: s: r: x: t:] o.a.s.s.CoreContainerProvider |___/\___/_|_|    Start time: 2024-09-15T03:36:07.495825300Z
2024-09-15 03:36:07.495 INFO  (main) [c: s: r: x: t:] o.a.s.s.CoreContainerProvider Solr started with "-XX:+CrashOnOutOfMemoryError" that will crash on any OutOfMemoryError exception. The cause of the OOME will be logged in the crash file at the following path: C:\CommunityLocal\Search\data\logs\jvm_crash_14980.log
2024-09-15 03:36:07.605 INFO  (main) [c: s: r: x: t:] o.a.s.s.CoreContainerProvider Solr Home: C:\CommunityLocal\Search\data\home (source: system property: solr.solr.home)
2024-09-15 03:36:07.668 INFO  (main) [c: s: r: x: t:] o.a.s.c.SolrXmlConfig Loading solr.xml from C:\CommunityLocal\Search\data\home\solr.xml
2024-09-15 03:36:09.637 INFO  (main) [c: s: r: x: t:] o.a.s.u.t.SimplePropagator Always-on trace id generation enabled.
2024-09-15 03:36:10.293 WARN  (main) [c: s: r: x: t:] o.a.s.u.StartupLoggingUtils Jetty request logging enabled. Will retain logs for last 3 days. See chapter "Configuring Logging" in reference guide for how to configure.
2024-09-15 03:36:10.309 WARN  (main) [c: s: r: x: t:] o.a.s.c.CoreContainer Not all security plugins configured!  authentication=disabled authorization=disabled.  Solr is only as secure as you make it. Consider configuring authentication/authorization before exposing Solr to users internal or external.  See https://s.apache.org/solrsecurity for more info
2024-09-15 03:36:10.809 INFO  (main) [c: s: r: x: t:] o.a.s.c.CorePropertiesLocator Found 2 core definitions underneath C:\CommunityLocal\Search\data\home
2024-09-15 03:36:10.809 INFO  (main) [c: s: r: x: t:] o.a.s.c.CorePropertiesLocator Cores are: [telligent-content, telligent-conversations]
2024-09-15 03:36:10.887 INFO  (coreLoadExecutor-11-thread-1) [c: s: r: x:telligent-content t:] o.a.s.c.SolrConfig Using Lucene MatchVersion: 9.8.0
2024-09-15 03:36:10.887 INFO  (coreLoadExecutor-11-thread-2) [c: s: r: x:telligent-conversations t:] o.a.s.c.SolrConfig Using Lucene MatchVersion: 9.8.0
2024-09-15 03:36:11.090 INFO  (coreLoadExecutor-11-thread-2) [c: s: r: x:telligent-conversations t:] o.a.s.s.IndexSchema Schema name=TelligentConversations
2024-09-15 03:36:11.106 INFO  (coreLoadExecutor-11-thread-1) [c: s: r: x:telligent-content t:] o.a.s.s.IndexSchema Schema name=Telligent
2024-09-15 03:36:11.527 WARN  (main) [c: s: r: x: t:] o.g.j.m.i.MessagingBinders A class jakarta.activation.DataSource for a default provider MessageBodyWriter<jakarta.activation.DataSource> was not found. The provider is not available.
2024-09-15 03:36:11.668 INFO  (coreLoadExecutor-11-thread-2) [c: s: r: x:telligent-conversations t:] o.a.s.r.RestManager Registered ManagedResource impl org.apache.solr.rest.schema.analysis.ManagedSynonymGraphFilterFactory$SynonymManager for path /schema/analysis/synonyms/en
2024-09-15 03:36:11.668 INFO  (coreLoadExecutor-11-thread-1) [c: s: r: x:telligent-content t:] o.a.s.r.RestManager Registered ManagedResource impl org.apache.solr.rest.schema.analysis.ManagedSynonymGraphFilterFactory$SynonymManager for path /schema/analysis/synonyms/en
2024-09-15 03:36:11.684 INFO  (coreLoadExecutor-11-thread-1) [c: s: r: x:telligent-content t:] o.a.s.r.RestManager Added observer of type org.apache.solr.rest.schema.analysis.ManagedSynonymGraphFilterFactory to existing ManagedResource /schema/analysis/synonyms/en
2024-09-15 03:36:11.684 INFO  (coreLoadExecutor-11-thread-2) [c: s: r: x:telligent-conversations t:] o.a.s.r.RestManager Added observer of type org.apache.solr.rest.schema.analysis.ManagedSynonymGraphFilterFactory to existing ManagedResource /schema/analysis/synonyms/en
2024-09-15 03:36:11.684 INFO  (coreLoadExecutor-11-thread-2) [c: s: r: x:telligent-conversations t:] o.a.s.r.RestManager Added observer of type org.apache.solr.rest.schema.analysis.ManagedSynonymGraphFilterFactory to existing ManagedResource /schema/analysis/synonyms/en
2024-09-15 03:36:11.684 INFO  (coreLoadExecutor-11-thread-1) [c: s: r: x:telligent-content t:] o.a.s.r.RestManager Added observer of type org.apache.solr.rest.schema.analysis.ManagedSynonymGraphFilterFactory to existing ManagedResource /schema/analysis/synonyms/en
2024-09-15 03:36:11.684 INFO  (coreLoadExecutor-11-thread-2) [c: s: r: x:telligent-conversations t:] o.a.s.s.IndexSchema Loaded schema TelligentConversations/1.6 with uniqueid field id
2024-09-15 03:36:11.684 INFO  (coreLoadExecutor-11-thread-2) [c: s: r: x:telligent-conversations t:] o.a.s.r.RestManager Added observer of type org.apache.solr.rest.schema.analysis.ManagedSynonymGraphFilterFactory to existing ManagedResource /schema/analysis/synonyms/en
2024-09-15 03:36:11.684 INFO  (coreLoadExecutor-11-thread-1) [c: s: r: x:telligent-content t:] o.a.s.r.RestManager Added observer of type org.apache.solr.rest.schema.analysis.ManagedSynonymGraphFilterFactory to existing ManagedResource /schema/analysis/synonyms/en
2024-09-15 03:36:11.699 INFO  (coreLoadExecutor-11-thread-2) [c: s: r: x:telligent-conversations t:] o.a.s.r.RestManager Added observer of type org.apache.solr.rest.schema.analysis.ManagedSynonymGraphFilterFactory to existing ManagedResource /schema/analysis/synonyms/en
2024-09-15 03:36:11.699 INFO  (coreLoadExecutor-11-thread-1) [c: s: r: x:telligent-content t:] o.a.s.r.RestManager Added observer of type org.apache.solr.rest.schema.analysis.ManagedSynonymGraphFilterFactory to existing ManagedResource /schema/analysis/synonyms/en
2024-09-15 03:36:11.699 INFO  (coreLoadExecutor-11-thread-1) [c: s: r: x:telligent-content t:] o.a.s.r.RestManager Added observer of type org.apache.solr.rest.schema.analysis.ManagedSynonymGraphFilterFactory to existing ManagedResource /schema/analysis/synonyms/en
2024-09-15 03:36:11.699 INFO  (coreLoadExecutor-11-thread-2) [c: s: r: x:telligent-conversations t:] o.a.s.r.RestManager Added observer of type org.apache.solr.rest.schema.analysis.ManagedSynonymGraphFilterFactory to existing ManagedResource /schema/analysis/synonyms/en
2024-09-15 03:36:11.699 INFO  (coreLoadExecutor-11-thread-2) [c: s: r: x:telligent-conversations t:] o.a.s.c.CoreContainer Creating SolrCore 'telligent-conversations' using configuration from configset C:\CommunityLocal\Search\data\home\configsets\telligent-conversations-d4484ea, trusted=true
2024-09-15 03:36:11.699 INFO  (coreLoadExecutor-11-thread-1) [c: s: r: x:telligent-content t:] o.a.s.r.RestManager Added observer of type org.apache.solr.rest.schema.analysis.ManagedSynonymGraphFilterFactory to existing ManagedResource /schema/analysis/synonyms/en
2024-09-15 03:36:11.699 INFO  (coreLoadExecutor-11-thread-1) [c: s: r: x:telligent-content t:] o.a.s.r.RestManager Added observer of type org.apache.solr.rest.schema.analysis.ManagedSynonymGraphFilterFactory to existing ManagedResource /schema/analysis/synonyms/en
2024-09-15 03:36:11.715 INFO  (coreLoadExecutor-11-thread-1) [c: s: r: x:telligent-content t:] o.a.s.r.RestManager Added observer of type org.apache.solr.rest.schema.analysis.ManagedSynonymGraphFilterFactory to existing ManagedResource /schema/analysis/synonyms/en
2024-09-15 03:36:11.715 INFO  (coreLoadExecutor-11-thread-1) [c: s: r: x:telligent-content t:] o.a.s.r.RestManager Added observer of type org.apache.solr.rest.schema.analysis.ManagedSynonymGraphFilterFactory to existing ManagedResource /schema/analysis/synonyms/en
2024-09-15 03:36:11.731 INFO  (coreLoadExecutor-11-thread-1) [c: s: r: x:telligent-content t:] o.a.s.r.RestManager Added observer of type org.apache.solr.rest.schema.analysis.ManagedSynonymGraphFilterFactory to existing ManagedResource /schema/analysis/synonyms/en
2024-09-15 03:36:11.731 INFO  (coreLoadExecutor-11-thread-1) [c: s: r: x:telligent-content t:] o.a.s.s.IndexSchema Loaded schema Telligent/1.7 with uniqueid field id
2024-09-15 03:36:11.746 INFO  (coreLoadExecutor-11-thread-1) [c: s: r: x:telligent-content t:] o.a.s.r.RestManager Added observer of type org.apache.solr.rest.schema.analysis.ManagedSynonymGraphFilterFactory to existing ManagedResource /schema/analysis/synonyms/en
2024-09-15 03:36:11.746 INFO  (coreLoadExecutor-11-thread-1) [c: s: r: x:telligent-content t:] o.a.s.r.RestManager Added observer of type org.apache.solr.rest.schema.analysis.ManagedSynonymGraphFilterFactory to existing ManagedResource /schema/analysis/synonyms/en
2024-09-15 03:36:11.746 INFO  (coreLoadExecutor-11-thread-1) [c: s: r: x:telligent-content t:] o.a.s.r.RestManager Added observer of type org.apache.solr.rest.schema.analysis.ManagedSynonymGraphFilterFactory to existing ManagedResource /schema/analysis/synonyms/en
2024-09-15 03:36:11.746 INFO  (coreLoadExecutor-11-thread-1) [c: s: r: x:telligent-content t:] o.a.s.r.RestManager Added observer of type org.apache.solr.rest.schema.analysis.ManagedSynonymGraphFilterFactory to existing ManagedResource /schema/analysis/synonyms/en
2024-09-15 03:36:11.762 INFO  (coreLoadExecutor-11-thread-1) [c: s: r: x:telligent-content t:] o.a.s.r.RestManager Added observer of type org.apache.solr.rest.schema.analysis.ManagedSynonymGraphFilterFactory to existing ManagedResource /schema/analysis/synonyms/en
2024-09-15 03:36:11.762 INFO  (coreLoadExecutor-11-thread-1) [c: s: r: x:telligent-content t:] o.a.s.r.RestManager Added observer of type org.apache.solr.rest.schema.analysis.ManagedSynonymGraphFilterFactory to existing ManagedResource /schema/analysis/synonyms/en
2024-09-15 03:36:11.777 INFO  (coreLoadExecutor-11-thread-1) [c: s: r: x:telligent-content t:] o.a.s.r.RestManager Added observer of type org.apache.solr.rest.schema.analysis.ManagedSynonymGraphFilterFactory to existing ManagedResource /schema/analysis/synonyms/en
2024-09-15 03:36:11.777 INFO  (coreLoadExecutor-11-thread-1) [c: s: r: x:telligent-content t:] o.a.s.r.RestManager Added observer of type org.apache.solr.rest.schema.analysis.ManagedSynonymGraphFilterFactory to existing ManagedResource /schema/analysis/synonyms/en
2024-09-15 03:36:11.777 INFO  (coreLoadExecutor-11-thread-1) [c: s: r: x:telligent-content t:] o.a.s.r.RestManager Added observer of type org.apache.solr.rest.schema.analysis.ManagedSynonymGraphFilterFactory to existing ManagedResource /schema/analysis/synonyms/en
2024-09-15 03:36:11.793 INFO  (coreLoadExecutor-11-thread-1) [c: s: r: x:telligent-content t:] o.a.s.r.RestManager Added observer of type org.apache.solr.rest.schema.analysis.ManagedSynonymGraphFilterFactory to existing ManagedResource /schema/analysis/synonyms/en
2024-09-15 03:36:11.793 INFO  (coreLoadExecutor-11-thread-1) [c: s: r: x:telligent-content t:] o.a.s.r.RestManager Added observer of type org.apache.solr.rest.schema.analysis.ManagedSynonymGraphFilterFactory to existing ManagedResource /schema/analysis/synonyms/en
2024-09-15 03:36:11.793 INFO  (coreLoadExecutor-11-thread-1) [c: s: r: x:telligent-content t:] o.a.s.c.CoreContainer Creating SolrCore 'telligent-content' using configuration from configset C:\CommunityLocal\Search\data\home\configsets\telligent-content-d4484ea, trusted=true
2024-09-15 03:36:11.856 INFO  (coreLoadExecutor-11-thread-1) [c: s: r: x:telligent-content t:] o.a.s.c.SolrCore Opening new SolrCore at [C:\CommunityLocal\Search\data\home\telligent-content], dataDir=[C:\CommunityLocal\Search\data\home\telligent-content\data\]
2024-09-15 03:36:11.856 INFO  (coreLoadExecutor-11-thread-2) [c: s: r: x:telligent-conversations t:] o.a.s.c.SolrCore Opening new SolrCore at [C:\CommunityLocal\Search\data\home\telligent-conversations], dataDir=[C:\CommunityLocal\Search\data\home\telligent-conversations\data\]
2024-09-15 03:36:11.871 WARN  (coreLoadExecutor-11-thread-2) [c: s: r: x:telligent-conversations t:] o.a.s.D.s.CircuitBreakerManager Solr loaded a deprecated plugin/analysis class [solr.CircuitBreakerManager]. Please consult documentation how to replace it accordingly.
2024-09-15 03:36:11.871 WARN  (coreLoadExecutor-11-thread-2) [c: s: r: x:telligent-conversations t:] o.a.s.u.c.CircuitBreakerManager CircuitBreakerManager is deprecated. Use individual Circuit Breakers instead
2024-09-15 03:36:11.871 WARN  (coreLoadExecutor-11-thread-1) [c: s: r: x:telligent-content t:] o.a.s.u.c.CircuitBreakerManager CircuitBreakerManager is deprecated. Use individual Circuit Breakers instead
2024-09-15 03:36:11.871 INFO  (coreLoadExecutor-11-thread-1) [c: s: r: x:telligent-content t:] o.a.s.u.c.CircuitBreakerRegistry Registered circuit breaker CircuitBreakerManager for request type(s) QUERY
2024-09-15 03:36:11.871 INFO  (coreLoadExecutor-11-thread-2) [c: s: r: x:telligent-conversations t:] o.a.s.u.c.CircuitBreakerRegistry Registered circuit breaker CircuitBreakerManager for request type(s) QUERY
2024-09-15 03:36:12.356 INFO  (main) [c: s: r: x: t:] o.a.s.j.SolrRequestAuthorizer Creating a new SolrRequestAuthorizer
2024-09-15 03:36:12.684 INFO  (main) [c: s: r: x: t:] o.e.j.s.h.ContextHandler Started o.e.j.w.WebAppContext@3122b117{solr-jetty-context.xml,/solr,file:///C:/CommunityLocal/Search/server/solr-webapp/webapp/,AVAILABLE}{C:\CommunityLocal\Search\server/solr-webapp/webapp}
2024-09-15 03:36:12.715 INFO  (main) [c: s: r: x: t:] o.e.j.s.RequestLogWriter Opened C:\CommunityLocal\Search\data\logs\2024_09_15.request.log
2024-09-15 03:36:12.731 INFO  (main) [c: s: r: x: t:] o.e.j.s.AbstractConnector Started ServerConnector@e72dba7{HTTP/1.1, (http/1.1, h2c)}{127.0.0.1:8983}
2024-09-15 03:36:12.731 INFO  (main) [c: s: r: x: t:] o.e.j.s.Server Started Server@4a8b5227{STARTING}[10.0.19,sto=0] @22177ms
2024-09-15 03:36:13.622 INFO  (coreLoadExecutor-11-thread-2) [c: s: r: x:telligent-conversations t:] o.a.s.j.SolrRequestAuthorizer Creating a new SolrRequestAuthorizer
2024-09-15 03:36:13.668 INFO  (coreLoadExecutor-11-thread-2) [c: s: r: x:telligent-conversations t:] o.a.s.u.UpdateHandler Using UpdateLog implementation: org.apache.solr.update.UpdateLog
2024-09-15 03:36:13.668 INFO  (coreLoadExecutor-11-thread-2) [c: s: r: x:telligent-conversations t:] o.a.s.u.UpdateLog Initializing UpdateLog: dataDir= defaultSyncLevel=FLUSH numRecordsToKeep=100 maxNumLogsToKeep=10 numVersionBuckets=65536
2024-09-15 03:36:13.700 INFO  (coreLoadExecutor-11-thread-1) [c: s: r: x:telligent-content t:] o.a.s.j.SolrRequestAuthorizer Creating a new SolrRequestAuthorizer
2024-09-15 03:36:13.715 INFO  (coreLoadExecutor-11-thread-1) [c: s: r: x:telligent-content t:] o.a.s.u.UpdateHandler Using UpdateLog implementation: org.apache.solr.update.UpdateLog
2024-09-15 03:36:13.715 INFO  (coreLoadExecutor-11-thread-1) [c: s: r: x:telligent-content t:] o.a.s.u.UpdateLog Initializing UpdateLog: dataDir= defaultSyncLevel=FLUSH numRecordsToKeep=100 maxNumLogsToKeep=10 numVersionBuckets=65536
2024-09-15 03:36:13.715 INFO  (coreLoadExecutor-11-thread-2) [c: s: r: x:telligent-conversations t:] o.a.s.u.CommitTracker Hard AutoCommit: if uncommitted for 30000ms; if 20000 uncommitted docs; 
2024-09-15 03:36:13.715 INFO  (coreLoadExecutor-11-thread-2) [c: s: r: x:telligent-conversations t:] o.a.s.u.CommitTracker Soft AutoCommit: disabled
2024-09-15 03:36:13.731 INFO  (coreLoadExecutor-11-thread-1) [c: s: r: x:telligent-content t:] o.a.s.u.CommitTracker Hard AutoCommit: if uncommitted for 30000ms; if 20000 uncommitted docs; 
2024-09-15 03:36:13.731 INFO  (coreLoadExecutor-11-thread-1) [c: s: r: x:telligent-content t:] o.a.s.u.CommitTracker Soft AutoCommit: disabled
2024-09-15 03:36:14.418 INFO  (coreLoadExecutor-11-thread-1) [c: s: r: x:telligent-content t:] o.a.s.c.SolrCore Registered new searcher autowarm time: 0 ms
2024-09-15 03:36:14.418 INFO  (coreLoadExecutor-11-thread-2) [c: s: r: x:telligent-conversations t:] o.a.s.c.SolrCore Registered new searcher autowarm time: 0 ms
2024-09-15 03:36:14.418 INFO  (coreLoadExecutor-11-thread-2) [c: s: r: x:telligent-conversations t:] o.a.s.r.ManagedResourceStorage File-based storage initialized to use dir: C:\CommunityLocal\Search\data\home\configsets\telligent-conversations-d4484ea\conf
2024-09-15 03:36:14.418 INFO  (coreLoadExecutor-11-thread-1) [c: s: r: x:telligent-content t:] o.a.s.r.ManagedResourceStorage File-based storage initialized to use dir: C:\CommunityLocal\Search\data\home\configsets\telligent-content-d4484ea\conf
2024-09-15 03:36:14.434 INFO  (coreLoadExecutor-11-thread-2) [c: s: r: x:telligent-conversations t:] o.a.s.r.ManagedResourceStorage Loaded LinkedHashMap at path _schema_analysis_synonyms_en.json using file:dir=C:\CommunityLocal\Search\data\home\configsets\telligent-conversations-d4484ea\conf
2024-09-15 03:36:14.434 INFO  (coreLoadExecutor-11-thread-1) [c: s: r: x:telligent-content t:] o.a.s.r.ManagedResourceStorage Loaded LinkedHashMap at path _schema_analysis_synonyms_en.json using file:dir=C:\CommunityLocal\Search\data\home\configsets\telligent-content-d4484ea\conf
2024-09-15 03:36:14.434 INFO  (coreLoadExecutor-11-thread-1) [c: s: r: x:telligent-content t:] o.a.s.r.ManagedResource Loaded initArgs {ignoreCase=true} for /schema/analysis/synonyms/en
2024-09-15 03:36:14.434 INFO  (coreLoadExecutor-11-thread-2) [c: s: r: x:telligent-conversations t:] o.a.s.r.ManagedResource Loaded initArgs {ignoreCase=true} for /schema/analysis/synonyms/en
2024-09-15 03:36:14.434 INFO  (coreLoadExecutor-11-thread-1) [c: s: r: x:telligent-content t:] o.a.s.r.s.a.ManagedSynonymGraphFilterFactory Loaded 0 synonym mappings for /schema/analysis/synonyms/en
2024-09-15 03:36:14.434 INFO  (coreLoadExecutor-11-thread-2) [c: s: r: x:telligent-conversations t:] o.a.s.r.s.a.ManagedSynonymGraphFilterFactory Loaded 0 synonym mappings for /schema/analysis/synonyms/en
2024-09-15 03:36:14.450 INFO  (coreLoadExecutor-11-thread-2) [c: s: r: x:telligent-conversations t:] o.a.s.r.ManagedResource Notified 3 observers of /schema/analysis/synonyms/en
2024-09-15 03:36:14.450 INFO  (coreLoadExecutor-11-thread-1) [c: s: r: x:telligent-content t:] o.a.s.r.ManagedResource Notified 11 observers of /schema/analysis/synonyms/en
2024-09-15 03:36:14.497 INFO  (coreLoadExecutor-11-thread-1) [c: s: r: x:telligent-content t:] o.a.s.s.DirectSolrSpellChecker init: {maxEdits=2, minPrefix=1, maxInspections=5, minQueryLength=4, name=default, field=spellcheck, classname=solr.DirectSolrSpellChecker, distanceMeasure=internal, accuracy=0.5, maxQueryFrequency=0.01}
2024-09-15 03:36:14.497 INFO  (coreLoadExecutor-11-thread-2) [c: s: r: x:telligent-conversations t:] o.a.s.s.DirectSolrSpellChecker init: {maxEdits=2, minPrefix=1, maxInspections=5, minQueryLength=4, name=default, field=message, classname=solr.DirectSolrSpellChecker, distanceMeasure=internal, accuracy=0.5, maxQueryFrequency=0.01}
2024-09-15 03:36:14.512 INFO  (coreLoadExecutor-11-thread-1) [c: s: r: x:telligent-content t:] o.a.s.h.ReplicationHandler Commits will be reserved for 10000 ms
2024-09-15 03:36:14.512 INFO  (coreLoadExecutor-11-thread-2) [c: s: r: x:telligent-conversations t:] o.a.s.h.ReplicationHandler Commits will be reserved for 10000 ms
2024-09-15 03:36:14.528 INFO  (searcherExecutor-15-thread-1-processing-telligent-conversations) [c: s: r: x:telligent-conversations t:] o.a.s.h.c.SpellCheckComponent Loading spell index for spellchecker: default
2024-09-15 03:36:14.528 INFO  (searcherExecutor-14-thread-1-processing-telligent-content) [c: s: r: x:telligent-content t:] o.a.s.h.c.SpellCheckComponent Loading spell index for spellchecker: default
2024-09-15 03:36:14.528 INFO  (searcherExecutor-14-thread-1-processing-telligent-content) [c: s: r: x:telligent-content t:] o.a.s.h.c.SpellCheckComponent Loading spell index for spellchecker: wordbreak
2024-09-15 03:36:14.528 INFO  (searcherExecutor-15-thread-1-processing-telligent-conversations) [c: s: r: x:telligent-conversations t:] o.a.s.h.c.SpellCheckComponent Loading spell index for spellchecker: wordbreak
2024-09-17 12:00:53.979 INFO  (qtp1358857082-25-localhost-1) [c: s: r: x:telligent-content t:localhost-1] o.a.s.c.S.Request webapp=/solr path=/schema/fields params={} status=0 QTime=67
2024-09-17 12:00:54.078 INFO  (qtp1358857082-19-localhost-2) [c: s: r: x:telligent-conversations t:localhost-2] o.a.s.c.S.Request webapp=/solr path=/schema/fields params={} status=0 QTime=3
2024-09-17 12:00:54.162 INFO  (qtp1358857082-20-localhost-3) [c: s: r: x:telligent-content t:localhost-3] o.a.s.c.S.Request webapp=/solr path=/schema/fields params={} status=0 QTime=0
2024-09-17 12:00:54.678 INFO  (qtp1358857082-22-localhost-4) [c: s: r: x:telligent-conversations t:localhost-4] o.a.s.c.S.Request webapp=/solr path=/schema/fields params={} status=0 QTime=0
